Microsoft (R) Help Compiler
HCRTF 4.03.0002
Copyright (c) Microsoft Corp 1990 - 1995. All rights reserved.
level editor.hpj
    HC1002: Note: 
	Using existing phrase table: level editor.ph.
    HC4014: Warning: 
	There is text after the closing brace in the RTF file.
    HC3046: Warning: topic #1 of D:\raffaele\programmi\Ares\level editor\hlp\.\afxcore.rtf : 
	The D:\raffaele\programmi\Ares\level editor\hlp\.\afxcore.rtf file is not an RTF (Rich Text Format) file. It appears to have been saved as a Microsoft Word document.
    HC1010: Note: 
	The following mapped Topic IDs were not used in any topic:
	HIDD_LIGHTPROPIETARIES
	AFX_HIDP_UNREG_DONE
	HID_WINDOW_CASCADE
	AFX_HIDD_NEWTYPEDLG
	HID_FILE_RELOAD
	HIDD_DIRECTIONALLIGHT
	HID_SC_NEXTWINDOW
	HID_CAMERA_ONOFFFPSCAM
	HID_WINDOW_TILE_HORZ
	HID_WINDOW_TILE_VERT
	AFX_HIDP_GET_NOT_SUPPORTED
	HID_HT_OBJECT
	AFX_HIDD_FILEOPEN
	AFX_HIDD_FILESAVE
	AFX_HIDP_SQL_BOOKMARKS_NOT_ENABLED
	HID_EDIT_REPEAT
	HID_SC_CLOSE
	HIDD_AMMUNATION_PROP
	HID_FILE_PRINT_PREVIEW
	HID_SC_RESTORE
	AFX_HIDD_PRINTDLG
	HID_RECORD_FIRST
	HID_EDIT_SELECT_ALL
	HID_EDIT_CLEAR
	HID_FILE_UPDATE
	HID_EDIT_PASTE
	AFX_HIDW_RESIZE_BAR
	AFX_HIDP_SQL_NO_DATA_FOUND
	AFX_HIDP_SQL_EMPTY_COLUMN_LIST
	HID_FILE_SEND_MAIL
	AFX_HIDP_SQL_ODBC_LOAD_FAILED
	AFX_HIDP_FAILED_TO_CREATE
	HID_INSERT_MONSTER_FALGAT
	AFX_HIDD_BUSY
	AFX_HIDD_FIND
	AFX_HIDD_FONT
	HIDD_INSERTMODELFROMZIP
	AFX_HIDP_ARCH_NONE
	HID_RECORD_LAST
	HID_RECORD_NEXT
	HID_RECORD_PREV
	HID_EDIT_COPY
	HID_EDIT_FIND
	HID_EDIT_REDO
	HID_EDIT_UNDO
	AFX_HIDD_OBJECTPROPERTIES
	HIDD_OBJ_PROPIETARIES
	HID_INSERT_MODEL_FROM_ZIP_FILE
	AFX_HIDP_UNREG_FAILURE
	AFX_HIDP_SQL_BOOKMARKS_NOT_SUPPORTED
	AFX_HIDP_FILE_TOO_MANY_OPEN
	AFX_HIDP_SQL_FIELD_NOT_FOUND
	AFX_HIDP_FILE_ACCESS_DENIED
	HIDD_MEDIKIT_PROP
	HID_FILE_SAVE_COPY_AS
	HID_SC_PREVWINDOW
	AFX_HIDP_ASK_TO_DISCARD
	AFX_HIDP_SQL_FIELD_SCHEMA_MISMATCH
	AFX_HIDP_SQL_LOCK_MODE_NOT_SUPPORTED
	HID_FORMAT_FONT
	AFX_HIDP_FILE_HARD_IO
	HID_WORLD_USER_SKY_BOX
	HIDP_OLE_INIT_FAILED
	AFX_HIDD_CHANGESOURCE
	HID_HT_NOWHERE
	HID_INSERT_TERRAIN
	AFX_HIDP_FILE_NOT_FOUND
	AFX_HIDW_DOCKBAR_TOP
	HID_SC_TASKLIST
	HID_CAMERA_SETPOSLIKEWEAPON
	AFX_HIDP_DAO_DFX_BIND
	AFX_HIDW_TOOLBAR
	HID_CANCEL_EDIT_CNTR
	HID_INSERT_MONSTER
	AFX_HIDP_SQL_ODBC_V2_REQUIRED
	AFX_HIDP_SQL_NO_ROWS_AFFECTED
	HID_HELP_INDEX
	HID_OLE_EDIT_CONVERT
	HID_INSERT_AMMUNATION_RIFLEGUN
	HID_HELP_USING
	AFX_HIDP_SQL_SQL_CONFORMANCE
	AFX_HIDP_SQL_RECORDSET_READONLY
	HIDD_SKY_BOX_PROP
	AFX_HIDP_PARSE_RADIO_BUTTON
	HIDD_USER_DEFINED_SKY_BOX
	HID_WORLD_DIRECTIONAL_LIGHT
	HID_EDIT_PASTE_SPECIAL
	HID_INSERT_ARMOUR
	AFX_HIDP_DAO_ROWTOOSHORT
	HID_SC_MOVE
	HID_SC_SIZE
	AFX_HIDP_SQL_INCORRECT_ODBC
	AFX_HIDP_NO_ERROR_AVAILABLE
	HID_SC_MAXIMIZE
	AFX_HIDW_DOCKBAR_BOTTOM
	HID_PREV_PANE
	AFX_HIDP_FILE_DIR_FULL
	HID_FILE_MYSAVEAS
	AFX_HIDP_DAO_BADBINDINFO
	AFX_HIDP_SQL_UPDATE_DELETE_FAILED
	AFX_HIDP_PARSE_DATETIME
	HID_VIEW_TOOLBAR
	HID_OLE_EDIT_CHANGE_ICON
	AFX_HIDP_ARCH_ENDOFFILE
	AFX_HIDP_SQL_SQL_NO_TOTAL
	AFX_HIDP_SQL_CONNECT_FAIL
	HID_WORLD_SKYBOXPROPIETARIES
	AFX_HIDW_STATUS_BAR
	AFX_HIDP_SQL_API_CONFORMANCE
	HID_OLE_EDIT_PROPERTIES
	AFX_HIDP_FILE_DISKFULL
	HID_FILE_SAVE_AS
	HID_FILE_EXPORT_IRR
	HID_FILE_PAGE_SETUP
	AFX_HIDW_DOCKBAR_LEFT
	AFX_HIDP_FILE_REMOVE_CURRENT
	AFX_HIDP_ARCH_BADCLASS
	HIDR_LEVELTYPE
	AFX_HIDP_SQL_NO_POSITIONED_UPDATES
	HID_INSERT_AMMUNATION
	AFX_HIDP_ARCH_BADINDEX
	HID_WIZBACK
	HID_WIZNEXT
	HID_WINDOW_SPLIT
	AFX_HIDP_PARSE_CURRENCY
	AFX_HIDP_FILE_NONE
	AFX_HIDW_PREVIEW_BAR
	HIDD_ARMOUR_PROP
	HID_FILE_PRINT_SETUP
	AFX_HIDP_FAILED_TO_CONVERT
	HID_HELP_FINDER
	AFX_HIDP_FILE_EOF
	HID_OBJECT_POSROTSCALESHOW
	HID_HT_CAPTION
	AFX_HIDP_FILE_LOCKING
	AFX_HIDP_SQL_ILLEGAL_MODE
	AFX_HIDD_PREVIEW_TOOLBAR
	HID_WINDOW_ARRANGE
	AFX_HIDP_SQL_NO_CURRENT_RECORD
	AFX_HIDP_FILE_BAD_PATH
	AFX_HIDP_FILE_BAD_SEEK
	AFX_HIDP_SQL_ROW_UPDATE_NOT_SUPPORTED
	HID_APP_ABOUT
	AFX_HIDP_FAILED_MAPI_LOAD
	AFX_HIDP_FAILED_MAPI_SEND
	HID_INSERT_AMMUNATION_SHOTGUN
	HID_EDIT_REPLACE
	HID_APP_EXIT
	AFX_HIDP_FILE_SHARING
	HID_FILE_NEW
	HID_FILE_PRINT_DIRECT
	HIDR_CNTR_INPLACE
	HID_FILE_CLOSE
	HID_FILE_MRU_FILE1
	HID_FILE_MRU_FILE1
	HID_FILE_MRU_FILE1
	HID_FILE_MRU_FILE1
	HID_FILE_MRU_FILE1
	HID_FILE_MRU_FILE1
	HID_FILE_MRU_FILE1
	HID_FILE_MRU_FILE1
	HID_FILE_MRU_FILE1
	HID_FILE_MRU_FILE1
	HID_FILE_MRU_FILE1
	HID_FILE_MRU_FILE1
	HID_FILE_MRU_FILE1
	HID_FILE_MRU_FILE1
	HID_FILE_MRU_FILE1
	HID_FILE_MRU_FILE1
	HID_FILE_PRINT
	AFX_HIDP_DLL_LOAD_FAILED
	AFX_HIDP_SQL_DYNASET_NOT_SUPPORTED
	AFX_HIDD_PRINTSETUP
	AFX_HIDP_SQL_ROW_FETCH
	HID_WORLD_REMOVE_SKY_BOX
	HID_VIEW_STATUS_BAR
	HIDR_POSROTSCALEDIALOG
	AFX_HIDP_SET_NOT_SUPPORTED
	AFX_HIDP_DLL_BAD_VERSION
	HID_WORLD_ACTIVEDIFFUSELIGHT
	AFX_HIDP_ARCH_BADSCHEMA
	AFX_HIDD_FILEBROWSE
	HID_WINDOW_ALL
	HID_WINDOW_NEW
	HID_FILE_VIEW_FILE
	HID_CONTEXT_HELP
	HID_INSERT_LIGHT
	HID_INSERT_MODEL
	HID_BUTTON32791
	HID_BUTTON32795
	HID_BUTTON32796
	HID_BUTTON32804
	HID_BUTTON32805
	HID_BUTTON32806
	HID_BUTTON32807
	HID_BUTTON32808
	AFX_HIDP_SQL_DATA_TRUNCATED
	HID_HT_HELP
	HID_WIZFINISH
	HID_WORLD_ACTIVE_DEACTIVE_DIFFUSE_LIGHT
	AFX_HIDP_INVALID_MAPI_DLL
	AFX_HIDD_PREVIEW_SHORTTOOLBAR
	AFX_HIDP_DAO_OBJECT_NOT_OPEN
	AFX_HIDP_ARCH_WRITEONLY
	HID_FILE_MYSAVE
	HID_INSERT_MONSTER_ZOMBIE
	AFX_HIDP_SQL_MULTIPLE_ROWS_AFFECTED
	AFX_HIDD_COLOR
	HID_NEXT_PANE
	AFX_HIDP_DAO_ENGINE_INITIALIZATION
	HID_INSERT_MONSTER_RHINO
	AFX_HIDW_DOCKBAR_FLOAT
	HID_FILE_OPEN
	HID_FILE_SAVE
	AFX_HIDD_PRINT
	HID_INSERT_AMMUNATION_MACHINEGUN
	HID_SC_MINIMIZE
	AFX_HIDW_DOCKBAR_RIGHT
	AFX_HIDP_PARSE_BYTE
	AFX_HIDP_PARSE_UINT
	AFX_HIDP_ARCH_GENERIC
	AFX_HIDP_SQL_SNAPSHOT_NOT_SUPPORTED
	AFX_HIDP_FILE_GENERIC
	AFX_HIDP_FILE_INVALID_FILE
	HID_HT_CLOSE
	HID_WORLD_ADD_DEFAULT_SKY_BOX
	HID_EDIT_CLEAR_ALL
	AFX_HIDP_ARCH_READONLY
	AFX_HIDP_SQL_RECORDSET_FORWARD_ONLY
	HID_EDIT_CUT
	AFX_HIDP_SQL_DYNAMIC_CURSOR_NOT_SUPPORTED
	HIDP_FAILED_TO_CREATE
	AFX_HIDP_DAO_COLUMNUNAVAILABLE
	HID_INSERT_MEDIKIT
	AFX_HIDD_REPLACE
    HC4009: Warning: 
	The Topic ID "main_index" specified in the Project files as the Default Topic does not exist.
9	Topics
2	Jumps
2	Keywords
0	Bitmaps


Created D:\raffaele\programmi\Ares\level editor\hlp\level editor.HLP, 10,915 bytes
Phrase+Zeck compression INCREASED help file by 1,305 bytes.
Compile time: 0 minutes, 0 seconds
2 notes, 3 warnings
